INFO:root:Blob add op: Blob((0, 0, 255),6,(245,364)) + Blob((255, 0, 0),4,(239,370))
INFO:root:Blob add op: Blob((255, 0, 0),7,(81,563)) + Blob((0, 255, 0),6,(82,573))
INFO:root:Blob add op: Blob((255, 0, 0),5,(401,670)) + Blob((0, 255, 0),6,(393,664))
INFO:root:Blob add op: Blob((0, 0, 255),7,(8,564)) + Blob((0, 255, 0),7,(4,551))
INFO:root:Blob add op: Blob((0, 0, 255),6,(36,252)) + Blob((0, 255, 0),4,(37,243))
INFO:root:Blob add op: Blob((0, 0, 255),5,(14,562)) + Blob((0, 255, 0),5,(12,553))
INFO:root:Blob add op: Blob((0, 0, 255),10,(21,248)) + Blob((255, 0, 0),4,(10,256))
INFO:root:Blob add op: Blob((255, 0, 0),5,(795,412)) + Blob((0, 255, 0),6,(785,408))
INFO:root:Blob add op: Blob((0, 0, 255),4,(277,390)) + Blob((255, 0, 0),4,(271,386))
INFO:root:Blob add op: Blob((0, 0, 255),5,(116,578)) + Blob((255, 0, 0),13,(100,570))
INFO:root:Blob add op: Blob((255, 0, 0),6,(913,108)) + Blob((255, 0, 0),6,(916,119))
INFO:root:Blob add op: Blob((255, 0, 0),4,(499,185)) + Blob((0, 255, 0),7,(509,185))
INFO:root:Blob add op: Blob((0, 0, 255),10,(255,373)) + Blob((255, 0, 0),2,(261,383))
INFO:root:Blob add op: Blob((0, 0, 255),7,(676,645)) + Blob((255, 0, 0),5,(666,650))
INFO:root:Blob add op: Blob((0, 0, 255),6,(388,590)) + Blob((255, 0, 0),7,(400,591))
INFO:root:Blob add op: Blob((0, 0, 255),14,(40,224)) + Blob((0, 255, 0),4,(56,231))
INFO:root:Blob add op: Blob((0, 255, 0),5,(258,162)) + Blob((0, 255, 0),6,(268,164))
INFO:root:Blob add op: Blob((0, 0, 255),5,(86,342)) + Blob((0, 255, 0),4,(85,334))
INFO:root:Blob add op: Blob((255, 0, 0),7,(672,310)) + Blob((0, 255, 0),5,(668,321))
INFO:root:Blob add op: Blob((0, 0, 255),2,(262,376)) + Blob((0, 0, 255),12,(265,363))
INFO:root:Blob add op: Blob((0, 0, 255),18,(64,219)) + Blob((255, 0, 0),4,(77,202))
INFO:root:Blob add op: Blob((0, 0, 255),7,(201,245)) + Blob((0, 255, 0),7,(209,234))
INFO:root:Blob add op: Blob((0, 0, 255),5,(785,104)) + Blob((255, 0, 0),5,(776,108))
INFO:root:Blob add op: Blob((0, 0, 255),3,(782,108)) + Blob((255, 0, 0),3,(778,111))
INFO:root:Blob add op: Blob((0, 0, 255),5,(216,245)) + Blob((0, 255, 0),5,(219,237))
INFO:root:Blob add op: Blob((0, 0, 255),3,(217,243)) + Blob((0, 255, 0),3,(218,238))
INFO:root:Blob add op: Blob((0, 0, 255),7,(949,31)) + Blob((0, 255, 0),7,(958,41))
INFO:root:Blob add op: Blob((255, 0, 0),5,(548,202)) + Blob((0, 255, 0),11,(550,217))
INFO:root:Blob add op: Blob((0, 255, 0),5,(121,53)) + Blob((0, 255, 0),6,(111,54))
INFO:root:Blob add op: Blob((255, 0, 0),4,(885,103)) + Blob((255, 0, 0),4,(891,105))
INFO:root:Blob add op: Blob((255, 0, 0),2,(891,99)) + Blob((255, 0, 0),2,(894,100))
INFO:root:Blob add op: Blob((0, 0, 255),5,(79,80)) + Blob((0, 255, 0),11,(90,69))
INFO:root:Blob add op: Blob((0, 0, 255),4,(562,565)) + Blob((0, 0, 255),4,(569,563))
INFO:root:Blob add op: Blob((0, 0, 255),6,(850,704)) + Blob((0, 0, 255),6,(858,697))
INFO:root:Blob add op: Blob((0, 0, 255),5,(666,171)) + Blob((0, 255, 0),7,(674,165))
INFO:root:Blob add op: Blob((0, 255, 0),4,(65,20)) + Blob((0, 255, 0),16,(70,39))
INFO:root:Blob add op: Blob((255, 0, 0),4,(223,98)) + Blob((0, 255, 0),6,(217,91))
INFO:root:Blob add op: Blob((0, 0, 255),5,(168,511)) + Blob((0, 255, 0),6,(158,510))
INFO:root:Blob add op: Blob((255, 0, 0),5,(688,123)) + Blob((0, 255, 0),12,(676,135))
INFO:root:Blob add op: Blob((0, 0, 255),6,(956,148)) + Blob((0, 255, 0),7,(967,143))
INFO:root:Blob add op: Blob((255, 0, 0),7,(555,217)) + Blob((0, 255, 0),16,(567,198))
INFO:root:Blob add op: Blob((0, 0, 255),4,(877,712)) + Blob((0, 0, 255),4,(880,705))
INFO:root:Blob add op: Blob((0, 0, 255),2,(868,715)) + Blob((0, 0, 255),2,(866,714))
INFO:root:Blob add op: Blob((0, 0, 255),7,(632,95)) + Blob((0, 255, 0),17,(640,117))
INFO:root:Blob add op: Blob((0, 0, 255),3,(46,604)) + Blob((255, 0, 0),7,(46,612))
INFO:root:Blob add op: Blob((0, 255, 0),23,(592,158)) + Blob((0, 255, 0),24,(631,132))
INFO:root:Blob add op: Blob((0, 0, 255),7,(45,491)) + Blob((0, 255, 0),3,(45,500))
INFO:root:Blob add op: Blob((0, 0, 255),6,(571,103)) + Blob((0, 255, 0),47,(621,119))
INFO:root:Blob add op: Blob((255, 0, 0),6,(292,188)) + Blob((0, 255, 0),11,(277,188))
INFO:root:Blob add op: Blob((0, 0, 255),22,(13,247)) + Blob((0, 255, 0),4,(30,228))
INFO:root:Blob add op: Blob((0, 0, 255),6,(873,279)) + Blob((0, 255, 0),5,(876,289))
INFO:root:Blob add op: Blob((0, 0, 255),7,(270,267)) + Blob((0, 255, 0),17,(258,247))
INFO:root:Blob add op: Blob((255, 0, 0),6,(226,260)) + Blob((0, 255, 0),24,(252,247))
INFO:root:Blob add op: Blob((0, 0, 255),2,(478,618)) + Blob((0, 255, 0),11,(467,620))
INFO:root:Blob add op: Blob((0, 0, 255),11,(842,231)) + Blob((255, 0, 0),5,(841,217))
INFO:root:Blob add op: Blob((0, 0, 255),4,(112,620)) + Blob((0, 255, 0),6,(103,624))
INFO:root:Blob add op: Blob((255, 0, 0),4,(829,549)) + Blob((255, 0, 0),5,(826,541))
INFO:root:Blob add op: Blob((0, 0, 255),10,(90,482)) + Blob((255, 0, 0),18,(115,491))
INFO:root:Blob add op: Blob((0, 0, 255),7,(591,293)) + Blob((255, 0, 0),12,(603,281))
INFO:root:Blob add op: Blob((0, 0, 255),14,(262,429)) + Blob((0, 255, 0),5,(279,434))
INFO:root:Blob add op: Blob((255, 0, 0),7,(479,469)) + Blob((0, 255, 0),6,(473,459))
INFO:root:Blob add op: Blob((255, 0, 0),4,(494,68)) + Blob((0, 255, 0),53,(547,88))
INFO:root:Blob add op: Blob((255, 0, 0),13,(386,448)) + Blob((255, 0, 0),13,(393,473))
INFO:root:Blob add op: Blob((255, 0, 0),11,(384,453)) + Blob((255, 0, 0),11,(386,474))
INFO:root:Blob add op: Blob((255, 0, 0),9,(384,456)) + Blob((255, 0, 0),9,(385,473))
INFO:root:Blob add op: Blob((255, 0, 0),7,(386,460)) + Blob((255, 0, 0),7,(387,473))
INFO:root:Blob add op: Blob((255, 0, 0),5,(389,463)) + Blob((255, 0, 0),5,(389,471))
INFO:root:Blob add op: Blob((0, 0, 255),16,(847,163)) + Blob((255, 0, 0),1,(845,179))
INFO:root:Blob add op: Blob((255, 0, 0),3,(375,461)) + Blob((255, 0, 0),3,(372,466))
INFO:root:Blob add op: Blob((0, 255, 0),10,(100,77)) + Blob((0, 255, 0),20,(81,100))
INFO:root:Blob add op: Blob((255, 0, 0),4,(276,73)) + Blob((0, 255, 0),6,(268,68))
INFO:root:Blob add op: Blob((255, 0, 0),6,(839,454)) + Blob((255, 0, 0),9,(853,453))
INFO:root:Blob add op: Blob((0, 255, 0),30,(256,263)) + Blob((0, 255, 0),1,(226,261))
INFO:root:Blob add op: Blob((0, 255, 0),0,(226,261)) + Blob((0, 255, 0),31,(256,263))
INFO:root:Blob add op: Blob((0, 255, 0),4,(580,588)) + Blob((0, 255, 0),13,(593,598))
INFO:root:Blob add op: Blob((0, 0, 255),2,(595,513)) + Blob((255, 0, 0),4,(590,511))
INFO:root:Blob add op: Blob((0, 0, 255),1,(579,138)) + Blob((0, 255, 0),57,(570,82))
INFO:root:Blob add op: Blob((255, 0, 0),15,(832,401)) + Blob((0, 255, 0),7,(814,393))
INFO:root:Blob add op: Blob((0, 0, 255),5,(848,194)) + Blob((0, 0, 255),6,(857,190))
INFO:root:Blob add op: Blob((0, 0, 255),6,(771,419)) + Blob((255, 0, 0),22,(795,432))
INFO:root:Blob add op: Blob((0, 0, 255),1,(202,69)) + Blob((0, 255, 0),30,(174,82))
INFO:root:Blob add op: Blob((0, 255, 0),13,(901,8)) + Blob((0, 255, 0),5,(886,16))
INFO:root:Blob add op: Blob((0, 255, 0),0,(886,16)) + Blob((0, 255, 0),18,(901,8))
INFO:root:Blob add op: Blob((0, 0, 255),19,(173,597)) + Blob((0, 255, 0),10,(158,621))
INFO:root:Blob add op: Blob((0, 0, 255),29,(136,626)) + Blob((255, 0, 0),28,(81,619))
INFO:root:Blob add op: Blob((255, 0, 0),4,(436,167)) + Blob((0, 255, 0),58,(449,108))
INFO:root:Blob add op: Blob((0, 0, 255),26,(233,362)) + Blob((255, 0, 0),1,(256,374))
INFO:root:Blob add op: Blob((0, 0, 255),12,(609,594)) + Blob((255, 0, 0),6,(601,578))
INFO:root:Blob add op: Blob((0, 255, 0),10,(292,50)) + Blob((0, 255, 0),31,(252,58))
INFO:root:Blob add op: Blob((0, 0, 255),57,(69,626)) + Blob((255, 0, 0),10,(16,666))
INFO:root:Blob add op: Blob((0, 0, 255),18,(603,575)) + Blob((0, 255, 0),17,(587,606))
INFO:root:Blob add op: Blob((0, 0, 255),17,(960,55)) + Blob((0, 255, 0),18,(933,33))
INFO:root:Blob add op: Blob((0, 0, 255),27,(408,408)) + Blob((255, 0, 0),1,(416,433))
INFO:root:Blob add op: Blob((255, 0, 0),19,(531,346)) + Blob((0, 255, 0),11,(552,326))
INFO:root:Blob add op: Blob((0, 255, 0),41,(258,69)) + Blob((0, 255, 0),62,(328,144))
INFO:root:Blob add op: Blob((0, 0, 255),11,(869,142)) + Blob((0, 255, 0),35,(906,116))
INFO:root:Blob add op: Blob((0, 0, 255),28,(432,359)) + Blob((0, 255, 0),31,(397,312))
INFO:root:Blob add op: Blob((0, 255, 0),103,(343,157)) + Blob((0, 255, 0),59,(398,309))
INFO:root:Blob add op: Blob((0, 255, 0),0,(398,309)) + Blob((0, 255, 0),162,(343,157))
INFO:root:Blob add op: Blob((0, 0, 255),67,(160,631)) + Blob((0, 0, 255),6,(221,671))
INFO:root:Blob add op: Blob((0, 0, 255),0,(221,671)) + Blob((0, 0, 255),73,(160,631))
INFO:root:Blob add op: Blob((0, 0, 255),9,(138,553)) + Blob((0, 0, 255),73,(188,617))
INFO:root:Blob add op: Blob((0, 0, 255),82,(203,647)) + Blob((0, 255, 0),11,(295,635))
INFO:root:Blob add op: Blob((255, 0, 0),28,(821,340)) + Blob((0, 255, 0),6,(795,361))
INFO:root:Blob add op: Blob((255, 0, 0),30,(845,207)) + Blob((255, 0, 0),34,(869,266))
INFO:root:Blob add op: Blob((0, 0, 255),6,(945,345)) + Blob((255, 0, 0),64,(893,299))
INFO:root:Blob add op: Blob((0, 0, 255),93,(98,424)) + Blob((0, 255, 0),162,(159,177))
INFO:root:Blob add op: Blob((255, 0, 0),70,(926,217)) + Blob((0, 255, 0),46,(853,129))
